<?xml version="1.0" encoding="UTF-8"?>
<testsuites name="jest tests" tests="15" failures="0" errors="0" time="5.358">
  <testsuite name="&lt;ProfileButton /&gt;" errors="0" failures="0" skipped="0" timestamp="2022-02-26T01:55:00" time="2.463" tests="4">
    <testcase classname="&lt;ProfileButton /&gt; Renders Profile Button component" name="&lt;ProfileButton /&gt; Renders Profile Button component" time="0.083">
    </testcase>
    <testcase classname="&lt;ProfileButton /&gt; Should be enabled" name="&lt;ProfileButton /&gt; Should be enabled" time="0.197">
    </testcase>
    <testcase classname="&lt;ProfileButton /&gt; Has correct text to view profile" name="&lt;ProfileButton /&gt; Has correct text to view profile" time="0.053">
    </testcase>
    <testcase classname="&lt;ProfileButton /&gt; Has correct theme color" name="&lt;ProfileButton /&gt; Has correct theme color" time="0.041">
    </testcase>
  </testsuite>
  <testsuite name="&lt;ProfileCard /&gt;" errors="0" failures="0" skipped="0" timestamp="2022-02-26T01:55:03" time="1.246" tests="8">
    <testcase classname="&lt;ProfileCard /&gt; Renders Profile Card component" name="&lt;ProfileCard /&gt; Renders Profile Card component" time="0.152">
    </testcase>
    <testcase classname="&lt;ProfileCard /&gt; Has an X button to close the modal" name="&lt;ProfileCard /&gt; Has an X button to close the modal" time="0.043">
    </testcase>
    <testcase classname="&lt;ProfileCard /&gt; Can close the modal by clicking the X button" name="&lt;ProfileCard /&gt; Can close the modal by clicking the X button" time="0.044">
    </testcase>
    <testcase classname="&lt;ProfileCard /&gt; Displays a User avatar" name="&lt;ProfileCard /&gt; Displays a User avatar" time="0.042">
    </testcase>
    <testcase classname="&lt;ProfileCard /&gt; Displays a User name" name="&lt;ProfileCard /&gt; Displays a User name" time="0.091">
    </testcase>
    <testcase classname="&lt;ProfileCard /&gt; Displays a User location" name="&lt;ProfileCard /&gt; Displays a User location" time="0.054">
    </testcase>
    <testcase classname="&lt;ProfileCard /&gt; Displays a User biography" name="&lt;ProfileCard /&gt; Displays a User biography" time="0.059">
    </testcase>
    <testcase classname="&lt;ProfileCard /&gt; Displays previous Runs or Requests" name="&lt;ProfileCard /&gt; Displays previous Runs or Requests" time="0.054">
    </testcase>
  </testsuite>
  <testsuite name="&lt;ProfilePopover /&gt;" errors="0" failures="0" skipped="0" timestamp="2022-02-26T01:55:04" time="1.096" tests="3">
    <testcase classname="&lt;ProfilePopover /&gt; Renders Profile Popover component" name="&lt;ProfilePopover /&gt; Renders Profile Popover component" time="0.04">
    </testcase>
    <testcase classname="&lt;ProfilePopover /&gt; Renders view profile button" name="&lt;ProfilePopover /&gt; Renders view profile button" time="0.1">
    </testcase>
    <testcase classname="&lt;ProfilePopover /&gt; Popover opens when button is clicked" name="&lt;ProfilePopover /&gt; Popover opens when button is clicked" time="0.199">
    </testcase>
  </testsuite>
</testsuites>