<?xml version="1.0" encoding="UTF-8"?>
<testsuites name="jest tests" tests="7" failures="0" errors="0" time="3.863">
  <testsuite name="&lt;ProfileCard /&gt;" errors="0" failures="0" skipped="0" timestamp="2022-02-25T20:38:11" time="3.088" tests="7">
    <testcase classname="&lt;ProfileCard /&gt; Renders Profile Card component" name="&lt;ProfileCard /&gt; Renders Profile Card component" time="0.152">
    </testcase>
    <testcase classname="&lt;ProfileCard /&gt; Has an X button to close the modal" name="&lt;ProfileCard /&gt; Has an X button to close the modal" time="0.034">
    </testcase>
    <testcase classname="&lt;ProfileCard /&gt; Can close the modal by clicking the X button" name="&lt;ProfileCard /&gt; Can close the modal by clicking the X button" time="0.035">
    </testcase>
    <testcase classname="&lt;ProfileCard /&gt; Displays a User avatar" name="&lt;ProfileCard /&gt; Displays a User avatar" time="0.039">
    </testcase>
    <testcase classname="&lt;ProfileCard /&gt; Displays a User name" name="&lt;ProfileCard /&gt; Displays a User name" time="0.097">
    </testcase>
    <testcase classname="&lt;ProfileCard /&gt; Displays a User location" name="&lt;ProfileCard /&gt; Displays a User location" time="0.049">
    </testcase>
    <testcase classname="&lt;ProfileCard /&gt; Displays a User biography" name="&lt;ProfileCard /&gt; Displays a User biography" time="0.045">
    </testcase>
  </testsuite>
</testsuites>