<?xml version="1.0" encoding="UTF-8"?>
<testsuites name="jest tests" tests="2" failures="0" errors="0" time="4.738">
  <testsuite name="&lt;App /&gt;" errors="0" failures="0" skipped="0" timestamp="2022-02-18T20:35:24" time="3.28" tests="1">
    <testcase classname="&lt;App /&gt; Renders App component" name="&lt;App /&gt; Renders App component" time="0.136">
    </testcase>
  </testsuite>
  <testsuite name="&lt;ProfilePopover /&gt;" errors="0" failures="0" skipped="0" timestamp="2022-02-18T20:35:28" time="0.582" tests="1">
    <testcase classname="&lt;ProfilePopover /&gt; Renders Profile Popover component" name="&lt;ProfilePopover /&gt; Renders Profile Popover component" time="0.055">
    </testcase>
  </testsuite>
</testsuites>