<?xml version="1.0" encoding="UTF-8"?>
<testsuites name="jest tests" tests="3" failures="0" errors="0" time="2.061">
  <testsuite name="&lt;Error /&gt;" errors="0" failures="0" skipped="0" timestamp="2022-03-03T00:44:35" time="1.526" tests="3">
    <testcase classname="&lt;Error /&gt; Renders Error page" name="&lt;Error /&gt; Renders Error page" time="0.056">
    </testcase>
    <testcase classname="&lt;Error /&gt; Greets the user in a friendly way" name="&lt;Error /&gt; Greets the user in a friendly way" time="0.077">
    </testcase>
    <testcase classname="&lt;Error /&gt; Displays the Neighbr color themes" name="&lt;Error /&gt; Displays the Neighbr color themes" time="0.034">
    </testcase>
  </testsuite>
</testsuites>