<?xml version="1.0" encoding="UTF-8"?>
<testsuites name="jest tests" tests="4" failures="0" errors="0" time="4.26">
  <testsuite name="Run Dashboard" errors="0" failures="0" skipped="0" timestamp="2022-03-04T03:45:38" time="3.81" tests="4">
    <testcase classname="Run Dashboard renders the Runner Dashboard" name="Run Dashboard renders the Runner Dashboard" time="0.2">
    </testcase>
    <testcase classname="Run Dashboard shows errand cards after clicking on run" name="Run Dashboard shows errand cards after clicking on run" time="0.468">
    </testcase>
    <testcase classname="Run Dashboard searchLocation works" name="Run Dashboard searchLocation works" time="0.005">
    </testcase>
    <testcase classname="RunnerDash Modal opens run entry modal" name="RunnerDash Modal opens run entry modal" time="1.711">
    </testcase>
  </testsuite>
</testsuites>