<?xml version="1.0" encoding="UTF-8"?>
<testsuites name="jest tests" tests="1" failures="0" errors="0" time="4.42">
  <testsuite name="&lt;App /&gt;" errors="0" failures="0" skipped="0" timestamp="2022-02-12T18:24:11" time="3.549" tests="1">
    <testcase classname="&lt;App /&gt; Renders App component" name="&lt;App /&gt; Renders App component" time="0.097">
    </testcase>
  </testsuite>
</testsuites>