<?xml version="1.0" encoding="UTF-8"?>
<testsuites name="jest tests" tests="19" failures="0" errors="0" time="3.985">
  <testsuite name="&lt;Profile Main /&gt;" errors="0" failures="0" skipped="0" timestamp="2022-03-04T18:45:47" time="3.484" tests="19">
    <testcase classname="&lt;Profile Main /&gt; Renders Profile Main component" name="&lt;Profile Main /&gt; Renders Profile Main component" time="0.093">
    </testcase>
    <testcase classname="&lt;Profile Main /&gt; Renders Profile tab in navigation bar" name="&lt;Profile Main /&gt; Renders Profile tab in navigation bar" time="0.288">
    </testcase>
    <testcase classname="&lt;Profile Main /&gt; Renders Location tab in navigation bar" name="&lt;Profile Main /&gt; Renders Location tab in navigation bar" time="0.086">
    </testcase>
    <testcase classname="&lt;Profile Main /&gt; Renders Runs tab in navigation bar" name="&lt;Profile Main /&gt; Renders Runs tab in navigation bar" time="0.086">
    </testcase>
    <testcase classname="&lt;Profile Main /&gt; Renders Requests tab in navigation bar" name="&lt;Profile Main /&gt; Renders Requests tab in navigation bar" time="0.077">
    </testcase>
    <testcase classname="&lt;Profile Main /&gt; Displays User Avatar image" name="&lt;Profile Main /&gt; Displays User Avatar image" time="0.059">
    </testcase>
    <testcase classname="&lt;Profile Main /&gt; Displays User name below Avatar" name="&lt;Profile Main /&gt; Displays User name below Avatar" time="0.086">
    </testcase>
    <testcase classname="&lt;Profile Main /&gt; Displays membership below User name" name="&lt;Profile Main /&gt; Displays membership below User name" time="0.07">
    </testcase>
    <testcase classname="&lt;Profile Main /&gt; Displays star rating below membership" name="&lt;Profile Main /&gt; Displays star rating below membership" time="0.054">
    </testcase>
    <testcase classname="&lt;Profile Main /&gt; Shows current user&apos;s account number" name="&lt;Profile Main /&gt; Shows current user&apos;s account number" time="0.056">
    </testcase>
    <testcase classname="&lt;Profile Main /&gt; Shows current user&apos;s first name" name="&lt;Profile Main /&gt; Shows current user&apos;s first name" time="0.051">
    </testcase>
    <testcase classname="&lt;Profile Main /&gt; Shows current user&apos;s last name" name="&lt;Profile Main /&gt; Shows current user&apos;s last name" time="0.047">
    </testcase>
    <testcase classname="&lt;Profile Main /&gt; Shows current user&apos;s email" name="&lt;Profile Main /&gt; Shows current user&apos;s email" time="0.045">
    </testcase>
    <testcase classname="&lt;Profile Main /&gt; Shows current user&apos;s rating" name="&lt;Profile Main /&gt; Shows current user&apos;s rating" time="0.046">
    </testcase>
    <testcase classname="&lt;Profile Main /&gt; Shows current user&apos;s biography" name="&lt;Profile Main /&gt; Shows current user&apos;s biography" time="0.04">
    </testcase>
    <testcase classname="&lt;Profile Main /&gt; Shows current user&apos;s previous runs" name="&lt;Profile Main /&gt; Shows current user&apos;s previous runs" time="0.204">
    </testcase>
    <testcase classname="&lt;Profile Main /&gt; Shows user&apos;s location on a map" name="&lt;Profile Main /&gt; Shows user&apos;s location on a map" time="0.103">
    </testcase>
    <testcase classname="&lt;Profile Main /&gt; Shows location of a user&apos;s runs" name="&lt;Profile Main /&gt; Shows location of a user&apos;s runs" time="0.149">
    </testcase>
    <testcase classname="&lt;Profile Main /&gt; Shows location of a user&apos;s requests" name="&lt;Profile Main /&gt; Shows location of a user&apos;s requests" time="0.138">
    </testcase>
  </testsuite>
</testsuites>