<?xml version="1.0" encoding="UTF-8"?>
<testsuites name="jest tests" tests="1" failures="0" errors="0" time="2.759">
  <testsuite name="&lt;Signup /&gt;" errors="0" failures="0" skipped="0" timestamp="2022-02-22T02:28:33" time="2.115" tests="1">
    <testcase classname="&lt;Signup /&gt; Renders Signup Form component" name="&lt;Signup /&gt; Renders Signup Form component" time="0.519">
    </testcase>
  </testsuite>
</testsuites>