<?xml version="1.0" encoding="UTF-8"?>
<testsuites name="jest tests" tests="3" failures="0" errors="0" time="2.859">
  <testsuite name="Run Dashboard" errors="0" failures="0" skipped="0" timestamp="2022-03-02T05:21:52" time="2.444" tests="3">
    <testcase classname="Run Dashboard renders the Runner Dashboard" name="Run Dashboard renders the Runner Dashboard" time="0.191">
    </testcase>
    <testcase classname="Run Dashboard shows errand cards after clicking on run" name="Run Dashboard shows errand cards after clicking on run" time="0.493">
    </testcase>
    <testcase classname="Run Dashboard opens run entry modal" name="Run Dashboard opens run entry modal" time="0.254">
    </testcase>
  </testsuite>
</testsuites>