<?xml version="1.0" encoding="UTF-8"?>
<testsuites name="jest tests" tests="6" failures="0" errors="0" time="3.491">
  <testsuite name="&lt;Signup /&gt;" errors="0" failures="0" skipped="0" timestamp="2022-03-07T09:34:10" time="2.737" tests="6">
    <testcase classname="&lt;Signup /&gt; Renders Signup component" name="&lt;Signup /&gt; Renders Signup component" time="0.4">
    </testcase>
    <testcase classname="&lt;Signup /&gt; Submission works" name="&lt;Signup /&gt; Submission works" time="0.143">
    </testcase>
    <testcase classname="&lt;Signup /&gt; Rendered default state" name="&lt;Signup /&gt; Rendered default state" time="0.131">
    </testcase>
    <testcase classname="&lt;Signup /&gt; Rendered all textbox" name="&lt;Signup /&gt; Rendered all textbox" time="0.255">
    </testcase>
    <testcase classname="&lt;Signup /&gt; Rendered username state" name="&lt;Signup /&gt; Rendered username state" time="0.108">
    </testcase>
    <testcase classname="&lt;Signup /&gt; Rendered password state" name="&lt;Signup /&gt; Rendered password state" time="0.109">
    </testcase>
  </testsuite>
</testsuites>