<?xml version="1.0" encoding="UTF-8"?>
<<<<<<< HEAD
<testsuites name="jest tests" tests="1" failures="0" errors="0" time="4.927">
  <testsuite name="&lt;App /&gt;" errors="0" failures="0" skipped="0" timestamp="2022-02-11T04:48:51" time="3.594" tests="1">
    <testcase classname="&lt;App /&gt; Renders App component" name="&lt;App /&gt; Renders App component" time="0.112">
=======
<testsuites name="jest tests" tests="1" failures="0" errors="0" time="3.437">
  <testsuite name="&lt;App /&gt;" errors="0" failures="0" skipped="0" timestamp="2022-02-11T04:00:47" time="2.551" tests="1">
    <testcase classname="&lt;App /&gt; Renders App component" name="&lt;App /&gt; Renders App component" time="0.123">
>>>>>>> master
    </testcase>
  </testsuite>
</testsuites>