<?xml version="1.0" encoding="UTF-8"?>
<testsuites name="jest tests" tests="36" failures="0" errors="0" time="7.6">
  <testsuite name="&lt;ProfileCard /&gt;" errors="0" failures="0" skipped="0" timestamp="2022-03-04T23:07:45" time="3.029" tests="10">
    <testcase classname="&lt;ProfileCard /&gt; Renders Profile Card component" name="&lt;ProfileCard /&gt; Renders Profile Card component" time="0.238">
    </testcase>
    <testcase classname="&lt;ProfileCard /&gt; Has an X button to close the modal" name="&lt;ProfileCard /&gt; Has an X button to close the modal" time="0.116">
    </testcase>
    <testcase classname="&lt;ProfileCard /&gt; Can close the modal by clicking the X button" name="&lt;ProfileCard /&gt; Can close the modal by clicking the X button" time="0.108">
    </testcase>
    <testcase classname="&lt;ProfileCard /&gt; Displays a User avatar" name="&lt;ProfileCard /&gt; Displays a User avatar" time="0.092">
    </testcase>
    <testcase classname="&lt;ProfileCard /&gt; Displays a User name" name="&lt;ProfileCard /&gt; Displays a User name" time="0.142">
    </testcase>
    <testcase classname="&lt;ProfileCard /&gt; Displays a User location" name="&lt;ProfileCard /&gt; Displays a User location" time="0.103">
    </testcase>
    <testcase classname="&lt;ProfileCard /&gt; Shows current user rating" name="&lt;ProfileCard /&gt; Shows current user rating" time="0.074">
    </testcase>
    <testcase classname="&lt;ProfileCard /&gt; Displays a User biography" name="&lt;ProfileCard /&gt; Displays a User biography" time="0.106">
    </testcase>
    <testcase classname="&lt;ProfileCard /&gt; Displays previous Runs or Requests" name="&lt;ProfileCard /&gt; Displays previous Runs or Requests" time="0.1">
    </testcase>
    <testcase classname="&lt;ProfileCard /&gt; Displays secondary color theme when given secondary themeColor prop" name="&lt;ProfileCard /&gt; Displays secondary color theme when given secondary themeColor prop" time="0.148">
    </testcase>
  </testsuite>
  <testsuite name="&lt;Profile Main /&gt;" errors="0" failures="0" skipped="0" timestamp="2022-03-04T23:07:48" time="2.161" tests="19">
    <testcase classname="&lt;Profile Main /&gt; Renders Profile Main component" name="&lt;Profile Main /&gt; Renders Profile Main component" time="0.095">
    </testcase>
    <testcase classname="&lt;Profile Main /&gt; Renders Profile tab in navigation bar" name="&lt;Profile Main /&gt; Renders Profile tab in navigation bar" time="0.222">
    </testcase>
    <testcase classname="&lt;Profile Main /&gt; Renders Location tab in navigation bar" name="&lt;Profile Main /&gt; Renders Location tab in navigation bar" time="0.086">
    </testcase>
    <testcase classname="&lt;Profile Main /&gt; Renders Runs tab in navigation bar" name="&lt;Profile Main /&gt; Renders Runs tab in navigation bar" time="0.079">
    </testcase>
    <testcase classname="&lt;Profile Main /&gt; Renders Requests tab in navigation bar" name="&lt;Profile Main /&gt; Renders Requests tab in navigation bar" time="0.076">
    </testcase>
    <testcase classname="&lt;Profile Main /&gt; Displays User Avatar image" name="&lt;Profile Main /&gt; Displays User Avatar image" time="0.058">
    </testcase>
    <testcase classname="&lt;Profile Main /&gt; Displays User name below Avatar" name="&lt;Profile Main /&gt; Displays User name below Avatar" time="0.066">
    </testcase>
    <testcase classname="&lt;Profile Main /&gt; Displays membership below User name" name="&lt;Profile Main /&gt; Displays membership below User name" time="0.071">
    </testcase>
    <testcase classname="&lt;Profile Main /&gt; Displays star rating below membership" name="&lt;Profile Main /&gt; Displays star rating below membership" time="0.054">
    </testcase>
    <testcase classname="&lt;Profile Main /&gt; Shows current user&apos;s account number" name="&lt;Profile Main /&gt; Shows current user&apos;s account number" time="0.051">
    </testcase>
    <testcase classname="&lt;Profile Main /&gt; Shows current user&apos;s first name" name="&lt;Profile Main /&gt; Shows current user&apos;s first name" time="0.048">
    </testcase>
    <testcase classname="&lt;Profile Main /&gt; Shows current user&apos;s last name" name="&lt;Profile Main /&gt; Shows current user&apos;s last name" time="0.044">
    </testcase>
    <testcase classname="&lt;Profile Main /&gt; Shows current user&apos;s email" name="&lt;Profile Main /&gt; Shows current user&apos;s email" time="0.046">
    </testcase>
    <testcase classname="&lt;Profile Main /&gt; Shows current user&apos;s rating" name="&lt;Profile Main /&gt; Shows current user&apos;s rating" time="0.043">
    </testcase>
    <testcase classname="&lt;Profile Main /&gt; Shows current user&apos;s biography" name="&lt;Profile Main /&gt; Shows current user&apos;s biography" time="0.047">
    </testcase>
    <testcase classname="&lt;Profile Main /&gt; Shows current user&apos;s previous runs" name="&lt;Profile Main /&gt; Shows current user&apos;s previous runs" time="0.16">
    </testcase>
    <testcase classname="&lt;Profile Main /&gt; Shows user&apos;s location on a map" name="&lt;Profile Main /&gt; Shows user&apos;s location on a map" time="0.091">
    </testcase>
    <testcase classname="&lt;Profile Main /&gt; Shows location of a user&apos;s runs" name="&lt;Profile Main /&gt; Shows location of a user&apos;s runs" time="0.139">
    </testcase>
    <testcase classname="&lt;Profile Main /&gt; Shows location of a user&apos;s requests" name="&lt;Profile Main /&gt; Shows location of a user&apos;s requests" time="0.135">
    </testcase>
  </testsuite>
  <testsuite name="&lt;ProfilePopover /&gt;" errors="0" failures="0" skipped="0" timestamp="2022-03-04T23:07:50" time="1.018" tests="2">
    <testcase classname="&lt;ProfilePopover /&gt; Renders view profile button" name="&lt;ProfilePopover /&gt; Renders view profile button" time="0.104">
    </testcase>
    <testcase classname="&lt;ProfilePopover /&gt; Popover opens when button is clicked" name="&lt;ProfilePopover /&gt; Popover opens when button is clicked" time="0.206">
    </testcase>
  </testsuite>
  <testsuite name="&lt;ProfileButton /&gt;" errors="0" failures="0" skipped="0" timestamp="2022-03-04T23:07:51" time="0.808" tests="5">
    <testcase classname="&lt;ProfileButton /&gt; Renders Profile Button component" name="&lt;ProfileButton /&gt; Renders Profile Button component" time="0.043">
    </testcase>
    <testcase classname="&lt;ProfileButton /&gt; Should be enabled" name="&lt;ProfileButton /&gt; Should be enabled" time="0.035">
    </testcase>
    <testcase classname="&lt;ProfileButton /&gt; Has correct text to view profile" name="&lt;ProfileButton /&gt; Has correct text to view profile" time="0.024">
    </testcase>
    <testcase classname="&lt;ProfileButton /&gt; Has correct theme color when primary" name="&lt;ProfileButton /&gt; Has correct theme color when primary" time="0.02">
    </testcase>
    <testcase classname="&lt;ProfileButton /&gt; Has correct theme color when secondary" name="&lt;ProfileButton /&gt; Has correct theme color when secondary" time="0.03">
    </testcase>
  </testsuite>
</testsuites>