<?xml version="1.0" encoding="UTF-8"?>
<testsuites name="jest tests" tests="5" failures="0" errors="0" time="4.964">
  <testsuite name="Run Dashboard" errors="0" failures="0" skipped="0" timestamp="2022-03-07T19:17:49" time="4.488" tests="5">
    <testcase classname="Run Dashboard renders the Runner Dashboard" name="Run Dashboard renders the Runner Dashboard" time="0.217">
    </testcase>
    <testcase classname="Run Dashboard shows errand cards after clicking on run" name="Run Dashboard shows errand cards after clicking on run" time="0.502">
    </testcase>
    <testcase classname="Run Dashboard searchLocation works" name="Run Dashboard searchLocation works" time="0.01">
    </testcase>
    <testcase classname="RunnerDash Modal opens run entry modal" name="RunnerDash Modal opens run entry modal" time="1.818">
    </testcase>
    <testcase classname="Location autocomplete Location autocomplete gives options" name="Location autocomplete Location autocomplete gives options" time="0.377">
    </testcase>
  </testsuite>
</testsuites>